2/23/2020 9:53:07 PM	This log contains information about the import schema operation into project 'SqlServerDatabase' on computer 'WIN-EVVK86DLDL1' by user 'Administrator'.
2/23/2020 9:53:08 PM	Import of database schema has started.
2/23/2020 9:53:19 PM	Gathering database credentials
2/23/2020 9:53:19 PM	Gathering database options
2/23/2020 9:53:19 PM	Gathering users
2/23/2020 9:53:19 PM	Gathering roles
2/23/2020 9:53:19 PM	Gathering application roles
2/23/2020 9:53:19 PM	Gathering role memberships
2/23/2020 9:53:19 PM	Gathering filegroups
2/23/2020 9:53:19 PM	Gathering full-text catalogs
2/23/2020 9:53:19 PM	Gathering assemblies
2/23/2020 9:53:19 PM	Gathering certificates
2/23/2020 9:53:19 PM	Gathering asymmetric keys
2/23/2020 9:53:19 PM	Gathering symmetric keys
2/23/2020 9:53:19 PM	Gathering encrypted symmetric keys
2/23/2020 9:53:19 PM	Gathering schemas
2/23/2020 9:53:19 PM	Gathering XML schema collections
2/23/2020 9:53:19 PM	Gathering user-defined data types
2/23/2020 9:53:19 PM	Gathering user-defined types
2/23/2020 9:53:19 PM	Gathering table types
2/23/2020 9:53:19 PM	Gathering unique keys for table types
2/23/2020 9:53:19 PM	Gathering primary keys for table types
2/23/2020 9:53:19 PM	Gathering indexes for table types
2/23/2020 9:53:19 PM	Gathering check constraints for table types
2/23/2020 9:53:19 PM	Gathering default constraints for table types
2/23/2020 9:53:19 PM	Gathering partition functions
2/23/2020 9:53:19 PM	Gathering partition schemes
2/23/2020 9:53:19 PM	Gathering functions
2/23/2020 9:53:19 PM	Gathering encrypted functions
2/23/2020 9:53:19 PM	Gathering aggregates
2/23/2020 9:53:19 PM	Gathering procedures
2/23/2020 9:53:19 PM	Gathering encrypted procedures
2/23/2020 9:53:19 PM	Gathering tables
2/23/2020 9:53:19 PM	Gathering primary keys
2/23/2020 9:53:19 PM	Gathering unique constraints
2/23/2020 9:53:19 PM	Gathering foreign keys
2/23/2020 9:53:19 PM	Gathering default constraints
2/23/2020 9:53:19 PM	Gathering check constraints
2/23/2020 9:53:19 PM	Gathering views
2/23/2020 9:53:19 PM	Gathering encrypted views
2/23/2020 9:53:19 PM	Gathering indexes
2/23/2020 9:53:19 PM	Gathering statistics
2/23/2020 9:53:19 PM	Gathering full-text index stoplists
2/23/2020 9:53:19 PM	Gathering search property lists
2/23/2020 9:53:19 PM	Gathering search properties
2/23/2020 9:53:19 PM	Gathering full-text indexes
2/23/2020 9:53:19 PM	Gathering column store indexes
2/23/2020 9:53:19 PM	Gathering spatial indexes
2/23/2020 9:53:19 PM	Gathering XML indexes
2/23/2020 9:53:19 PM	Gathering Selective XML indexes
2/23/2020 9:53:20 PM	Gathering encrypted triggers
2/23/2020 9:53:20 PM	Gathering triggers
2/23/2020 9:53:20 PM	Gathering encrypted and clr ddl triggers
2/23/2020 9:53:20 PM	Gathering ddl triggers
2/23/2020 9:53:20 PM	Gathering synonyms
2/23/2020 9:53:20 PM	Gathering defaults
2/23/2020 9:53:20 PM	Gathering data constraint uddt bindings
2/23/2020 9:53:20 PM	Gathering rules
2/23/2020 9:53:20 PM	Gathering data constraint uddt bindings
2/23/2020 9:53:20 PM	Gathering message types
2/23/2020 9:53:20 PM	Gathering queues
2/23/2020 9:53:20 PM	Gathering contracts
2/23/2020 9:53:20 PM	Gathering services
2/23/2020 9:53:20 PM	Gathering event notifications
2/23/2020 9:53:20 PM	Gathering remote service bindings
2/23/2020 9:53:20 PM	Gathering broker priorities
2/23/2020 9:53:20 PM	Gathering signatures
2/23/2020 9:53:20 PM	Gathering data compression options
2/23/2020 9:53:20 PM	Gathering sequence types
2/23/2020 9:53:20 PM	Gathering security policies
2/23/2020 9:53:20 PM	Gather column encryption keys
2/23/2020 9:53:20 PM	Gathering column master keys
2/23/2020 9:53:20 PM	Gathering external data sources
2/23/2020 9:53:20 PM	Gathering external file formats
2/23/2020 9:53:20 PM	Gathering external tables
2/23/2020 9:53:20 PM	Gathering extended properties
2/23/2020 9:53:20 PM	Gathering credentials
2/23/2020 9:53:20 PM	Gathering logins
2/23/2020 9:53:20 PM	Gathering server audits
2/23/2020 9:53:20 PM	Finished importing database.
2/23/2020 9:53:20 PM	A summary of the import was saved to the following location: C:\Users\Administrator\source\repos\SqlServerDatabase\SqlServerDatabase\Import Schema Logs\SqlServerDatabase_20200224055307.log
2/23/2020 9:53:20 PM	Click Finish to continue...
